c:\users\s5611581\onedrive - bournemouth university\games software engineering\oop\project\oop assignment\sdl_project__template\debug\sdl_project__template.bsc
c:\users\s5611581\onedrive - bournemouth university\games software engineering\oop\project\oop assignment\sdl_project__template\sdl_project__template\debug\vc143.pdb
c:\users\s5611581\onedrive - bournemouth university\games software engineering\oop\project\oop assignment\sdl_project__template\sdl_project__template\debug\vc143.idb
c:\users\s5611581\onedrive - bournemouth university\games software engineering\oop\project\oop assignment\sdl_project__template\sdl_project__template\debug\button.sbr
c:\users\s5611581\onedrive - bournemouth university\games software engineering\oop\project\oop assignment\sdl_project__template\sdl_project__template\debug\gameobject.sbr
c:\users\s5611581\onedrive - bournemouth university\games software engineering\oop\project\oop assignment\sdl_project__template\sdl_project__template\debug\player.sbr
c:\users\s5611581\onedrive - bournemouth university\games software engineering\oop\project\oop assignment\sdl_project__template\sdl_project__template\debug\source.sbr
c:\users\s5611581\onedrive - bournemouth university\games software engineering\oop\project\oop assignment\sdl_project__template\sdl_project__template\debug\tree.sbr
c:\users\s5611581\onedrive - bournemouth university\games software engineering\oop\project\oop assignment\sdl_project__template\sdl_project__template\debug\tree.obj
c:\users\s5611581\onedrive - bournemouth university\games software engineering\oop\project\oop assignment\sdl_project__template\sdl_project__template\debug\source.obj
c:\users\s5611581\onedrive - bournemouth university\games software engineering\oop\project\oop assignment\sdl_project__template\sdl_project__template\debug\player.obj
c:\users\s5611581\onedrive - bournemouth university\games software engineering\oop\project\oop assignment\sdl_project__template\sdl_project__template\debug\gameobject.obj
c:\users\s5611581\onedrive - bournemouth university\games software engineering\oop\project\oop assignment\sdl_project__template\sdl_project__template\debug\button.obj
c:\users\s5611581\onedrive - bournemouth university\games software engineering\oop\project\oop assignment\sdl_project__template\sdl_project__template\debug\sdl_project__template.ilk
c:\users\s5611581\onedrive - bournemouth university\games software engineering\oop\project\oop assignment\sdl_project__template\debug\sdl_project__template.exe
c:\users\s5611581\onedrive - bournemouth university\games software engineering\oop\project\oop assignment\sdl_project__template\debug\sdl_project__template.pdb
c:\users\s5611581\onedrive - bournemouth university\games software engineering\oop\project\oop assignment\sdl_project__template\sdl_project__template\debug\sdl_proj.73a9a794.tlog\bscmake.command.1.tlog
c:\users\s5611581\onedrive - bournemouth university\games software engineering\oop\project\oop assignment\sdl_project__template\sdl_project__template\debug\sdl_proj.73a9a794.tlog\bscmake.read.1.tlog
c:\users\s5611581\onedrive - bournemouth university\games software engineering\oop\project\oop assignment\sdl_project__template\sdl_project__template\debug\sdl_proj.73a9a794.tlog\bscmake.write.1.tlog
c:\users\s5611581\onedrive - bournemouth university\games software engineering\oop\project\oop assignment\sdl_project__template\sdl_project__template\debug\sdl_proj.73a9a794.tlog\cl.command.1.tlog
c:\users\s5611581\onedrive - bournemouth university\games software engineering\oop\project\oop assignment\sdl_project__template\sdl_project__template\debug\sdl_proj.73a9a794.tlog\cl.read.1.tlog
c:\users\s5611581\onedrive - bournemouth university\games software engineering\oop\project\oop assignment\sdl_project__template\sdl_project__template\debug\sdl_proj.73a9a794.tlog\cl.write.1.tlog
c:\users\s5611581\onedrive - bournemouth university\games software engineering\oop\project\oop assignment\sdl_project__template\sdl_project__template\debug\sdl_proj.73a9a794.tlog\link.command.1.tlog
c:\users\s5611581\onedrive - bournemouth university\games software engineering\oop\project\oop assignment\sdl_project__template\sdl_project__template\debug\sdl_proj.73a9a794.tlog\link.read.1.tlog
c:\users\s5611581\onedrive - bournemouth university\games software engineering\oop\project\oop assignment\sdl_project__template\sdl_project__template\debug\sdl_proj.73a9a794.tlog\link.write.1.tlog
