  Source.cpp
C:\Users\S5611581\OneDrive - Bournemouth University\games software engineering\OOP\Project\OOP Assignment\SDL_Project__Template\SDL_Project__Template\Source.cpp(8,40): warning C4805: '==': unsafe mix of type 'int' and type 'bool' in operation
C:\Users\S5611581\OneDrive - Bournemouth University\games software engineering\OOP\Project\OOP Assignment\SDL_Project__Template\SDL_Project__Template\Source.cpp(49,12): warning C4244: 'argument': conversion from 'time_t' to 'unsigned int', possible loss of data
C:\Users\S5611581\OneDrive - Bournemouth University\games software engineering\OOP\Project\OOP Assignment\SDL_Project__Template\SDL_Project__Template\Source.cpp(162,44): warning C4805: '==': unsafe mix of type 'int' and type 'bool' in operation
C:\Users\S5611581\OneDrive - Bournemouth University\games software engineering\OOP\Project\OOP Assignment\SDL_Project__Template\SDL_Project__Template\Source.cpp(227,55): warning C4805: '==': unsafe mix of type 'int' and type 'bool' in operation
C:\Users\S5611581\OneDrive - Bournemouth University\games software engineering\OOP\Project\OOP Assignment\SDL_Project__Template\SDL_Project__Template\Source.cpp(275,6): warning C4551: function call missing argument list
C:\Users\S5611581\OneDrive - Bournemouth University\games software engineering\OOP\Project\OOP Assignment\SDL_Project__Template\SDL_Project__Template\Source.cpp(297,36): warning C4805: '==': unsafe mix of type 'int' and type 'bool' in operation
C:\Users\S5611581\OneDrive - Bournemouth University\games software engineering\OOP\Project\OOP Assignment\SDL_Project__Template\SDL_Project__Template\Source.cpp(430,24): warning C4244: 'argument': conversion from 'float' to 'Uint32', possible loss of data
C:\Users\S5611581\OneDrive - Bournemouth University\games software engineering\OOP\Project\OOP Assignment\SDL_Project__Template\SDL_Project__Template\Source.cpp(444,53): warning C4805: '==': unsafe mix of type 'int' and type 'bool' in operation
C:\Users\S5611581\OneDrive - Bournemouth University\games software engineering\OOP\Project\OOP Assignment\SDL_Project__Template\SDL_Project__Template\Source.cpp(505,52): warning C4805: '==': unsafe mix of type 'int' and type 'bool' in operation
C:\Users\S5611581\OneDrive - Bournemouth University\games software engineering\OOP\Project\OOP Assignment\SDL_Project__Template\SDL_Project__Template\Source.cpp(565,2): warning C4551: function call missing argument list
C:\Users\S5611581\OneDrive - Bournemouth University\games software engineering\OOP\Project\OOP Assignment\SDL_Project__Template\SDL_Project__Template\Source.cpp(569,2): warning C4551: function call missing argument list
C:\Users\S5611581\OneDrive - Bournemouth University\games software engineering\OOP\Project\OOP Assignment\SDL_Project__Template\SDL_Project__Template\Source.cpp(573,2): warning C4551: function call missing argument list
C:\Users\S5611581\OneDrive - Bournemouth University\games software engineering\OOP\Project\OOP Assignment\SDL_Project__Template\SDL_Project__Template\Source.cpp(577,2): warning C4551: function call missing argument list
C:\Users\S5611581\OneDrive - Bournemouth University\games software engineering\OOP\Project\OOP Assignment\SDL_Project__Template\SDL_Project__Template\Source.cpp(581,2): warning C4551: function call missing argument list
C:\Users\S5611581\OneDrive - Bournemouth University\games software engineering\OOP\Project\OOP Assignment\SDL_Project__Template\SDL_Project__Template\Source.cpp(734,2): warning C4551: function call missing argument list
C:\Users\S5611581\OneDrive - Bournemouth University\games software engineering\OOP\Project\OOP Assignment\SDL_Project__Template\SDL_Project__Template\Source.cpp(740,2): warning C4551: function call missing argument list
C:\Users\S5611581\OneDrive - Bournemouth University\games software engineering\OOP\Project\OOP Assignment\SDL_Project__Template\SDL_Project__Template\Source.cpp(746,2): warning C4551: function call missing argument list
C:\Users\S5611581\OneDrive - Bournemouth University\games software engineering\OOP\Project\OOP Assignment\SDL_Project__Template\SDL_Project__Template\Source.cpp(752,2): warning C4551: function call missing argument list
C:\Users\S5611581\OneDrive - Bournemouth University\games software engineering\OOP\Project\OOP Assignment\SDL_Project__Template\SDL_Project__Template\Source.cpp(758,2): warning C4551: function call missing argument list
  SDL_Project__Template.vcxproj -> C:\Users\S5611581\OneDrive - Bournemouth University\games software engineering\OOP\Project\OOP Assignment\SDL_Project__Template\Debug\SDL_Project__Template.exe
